<?xml version="1.0" encoding="UTF-8"?>
<!-- Generated by org.testng.reporters.JUnitReportReporter -->
<testsuite hostname="Xiaoxin-Pro13" failures="0" tests="2" name="cucumberOptions.TestNGRunner" time="0.126" errors="0" timestamp="2024-06-20T17:26:34 ICT" skipped="0">
  <testcase classname="cucumberOptions.TestNGRunner" name="runScenario" time="0.012"/>
  <testcase classname="cucumberOptions.TestNGRunner" name="runScenario" time="0.114"/>
</testsuite> <!-- cucumberOptions.TestNGRunner -->
